time="2019-09-22T02:27:50+08:00" level=info msg="[xffresk/infra.(*starterRegister).Register(infra/starer.go:78)] Register starter: *base.PropsStarter" func="xffresk/infra.(*starterRegister).Register" file="infra/starer.go:78"
time="2019-09-22T02:27:50+08:00" level=info msg="[xffresk/infra.(*starterRegister).Register(infra/starer.go:78)] Register starter: *base.DbxDatabaseStarter" func="xffresk/infra.(*starterRegister).Register" file="infra/starer.go:78"
time="2019-09-22T02:27:50+08:00" level=info msg="[xffresk/infra.(*starterRegister).Register(infra/starer.go:78)] Register starter: *base.ValidatorStarter" func="xffresk/infra.(*starterRegister).Register" file="infra/starer.go:78"
time="2019-09-22T02:27:50+08:00" level=info msg="[xffresk/infra.(*BootApplication).init(infra/boot.go:34)] Initializing starters..." func="xffresk/infra.(*BootApplication).init" file="infra/boot.go:34"
time="2019-09-22T02:27:50+08:00" level=info msg="[xffresk/infra.(*BootApplication).setup(infra/boot.go:45)] Setup starters..." func="xffresk/infra.(*BootApplication).setup" file="infra/boot.go:45"
time="2019-09-22T02:27:50+08:00" level=info msg="[xffresk/infra/base.(*DbxDatabaseStarter).Setup(base/dbx.go:45)] mysql.conn url:root:***@tcp(127.0.0.1:3306)/?charset=utf8&parseTime=true&" func="xffresk/infra/base.(*DbxDatabaseStarter).Setup" file="base/dbx.go:45"
time="2019-09-22T02:27:50+08:00" level=info msg="[xffresk/infra/base.(*DbxDatabaseStarter).Setup(base/dbx.go:50)] <nil>" func="xffresk/infra/base.(*DbxDatabaseStarter).Setup" file="base/dbx.go:50"
time="2019-09-22T02:27:50+08:00" level=info msg="[xffresk/infra.(*BootApplication).start(infra/boot.go:57)] Starting starters..." func="xffresk/infra.(*BootApplication).start" file="infra/boot.go:57"
time="2019-09-22T02:30:08+08:00" level=info msg="[xffresk/infra.(*starterRegister).Register(infra/starer.go:78)] Register starter: *base.PropsStarter" func="xffresk/infra.(*starterRegister).Register" file="infra/starer.go:78"
time="2019-09-22T02:30:08+08:00" level=info msg="[xffresk/infra.(*starterRegister).Register(infra/starer.go:78)] Register starter: *base.DbxDatabaseStarter" func="xffresk/infra.(*starterRegister).Register" file="infra/starer.go:78"
time="2019-09-22T02:30:08+08:00" level=info msg="[xffresk/infra.(*starterRegister).Register(infra/starer.go:78)] Register starter: *base.ValidatorStarter" func="xffresk/infra.(*starterRegister).Register" file="infra/starer.go:78"
time="2019-09-22T02:30:08+08:00" level=info msg="[xffresk/infra.(*BootApplication).init(infra/boot.go:34)] Initializing starters..." func="xffresk/infra.(*BootApplication).init" file="infra/boot.go:34"
time="2019-09-22T02:30:08+08:00" level=info msg="[xffresk/infra.(*BootApplication).setup(infra/boot.go:45)] Setup starters..." func="xffresk/infra.(*BootApplication).setup" file="infra/boot.go:45"
time="2019-09-22T02:30:08+08:00" level=info msg="[xffresk/infra/base.(*DbxDatabaseStarter).Setup(base/dbx.go:45)] mysql.conn url:root:***@tcp(127.0.0.1:3306)/?parseTime=true&charset=utf8&" func="xffresk/infra/base.(*DbxDatabaseStarter).Setup" file="base/dbx.go:45"
time="2019-09-22T02:30:08+08:00" level=info msg="[xffresk/infra/base.(*DbxDatabaseStarter).Setup(base/dbx.go:50)] <nil>" func="xffresk/infra/base.(*DbxDatabaseStarter).Setup" file="base/dbx.go:50"
time="2019-09-22T02:30:08+08:00" level=info msg="[xffresk/infra.(*BootApplication).start(infra/boot.go:57)] Starting starters..." func="xffresk/infra.(*BootApplication).start" file="infra/boot.go:57"
time="2019-09-22T02:30:59+08:00" level=info msg="[xffresk/infra.(*starterRegister).Register(infra/starer.go:78)] Register starter: *base.PropsStarter" func="xffresk/infra.(*starterRegister).Register" file="infra/starer.go:78"
time="2019-09-22T02:30:59+08:00" level=info msg="[xffresk/infra.(*starterRegister).Register(infra/starer.go:78)] Register starter: *base.DbxDatabaseStarter" func="xffresk/infra.(*starterRegister).Register" file="infra/starer.go:78"
time="2019-09-22T02:30:59+08:00" level=info msg="[xffresk/infra.(*starterRegister).Register(infra/starer.go:78)] Register starter: *base.ValidatorStarter" func="xffresk/infra.(*starterRegister).Register" file="infra/starer.go:78"
time="2019-09-22T02:30:59+08:00" level=info msg="[xffresk/infra.(*BootApplication).init(infra/boot.go:34)] Initializing starters..." func="xffresk/infra.(*BootApplication).init" file="infra/boot.go:34"
time="2019-09-22T02:30:59+08:00" level=info msg="[xffresk/infra.(*BootApplication).setup(infra/boot.go:45)] Setup starters..." func="xffresk/infra.(*BootApplication).setup" file="infra/boot.go:45"
time="2019-09-22T02:30:59+08:00" level=info msg="[xffresk/infra/base.(*DbxDatabaseStarter).Setup(base/dbx.go:45)] mysql.conn url:root:***@tcp(127.0.0.1:3306)/?charset=utf8&parseTime=true&" func="xffresk/infra/base.(*DbxDatabaseStarter).Setup" file="base/dbx.go:45"
time="2019-09-22T02:30:59+08:00" level=info msg="[xffresk/infra/base.(*DbxDatabaseStarter).Setup(base/dbx.go:50)] <nil>" func="xffresk/infra/base.(*DbxDatabaseStarter).Setup" file="base/dbx.go:50"
time="2019-09-22T02:30:59+08:00" level=info msg="[xffresk/infra.(*BootApplication).start(infra/boot.go:57)] Starting starters..." func="xffresk/infra.(*BootApplication).start" file="infra/boot.go:57"
time="2019-09-22T02:32:00+08:00" level=info msg="[xffresk/infra.(*starterRegister).Register(infra/starer.go:78)] Register starter: *base.PropsStarter" func="xffresk/infra.(*starterRegister).Register" file="infra/starer.go:78"
time="2019-09-22T02:32:00+08:00" level=info msg="[xffresk/infra.(*starterRegister).Register(infra/starer.go:78)] Register starter: *base.DbxDatabaseStarter" func="xffresk/infra.(*starterRegister).Register" file="infra/starer.go:78"
time="2019-09-22T02:32:00+08:00" level=info msg="[xffresk/infra.(*starterRegister).Register(infra/starer.go:78)] Register starter: *base.ValidatorStarter" func="xffresk/infra.(*starterRegister).Register" file="infra/starer.go:78"
time="2019-09-22T02:32:00+08:00" level=info msg="[xffresk/infra.(*BootApplication).init(infra/boot.go:34)] Initializing starters..." func="xffresk/infra.(*BootApplication).init" file="infra/boot.go:34"
time="2019-09-22T02:32:00+08:00" level=info msg="[xffresk/infra.(*BootApplication).setup(infra/boot.go:45)] Setup starters..." func="xffresk/infra.(*BootApplication).setup" file="infra/boot.go:45"
time="2019-09-22T02:32:00+08:00" level=info msg="[xffresk/infra/base.(*DbxDatabaseStarter).Setup(base/dbx.go:45)] mysql.conn url:root:***@tcp(127.0.0.1:3306)/?charset=utf8&parseTime=true&" func="xffresk/infra/base.(*DbxDatabaseStarter).Setup" file="base/dbx.go:45"
time="2019-09-22T02:32:00+08:00" level=info msg="[xffresk/infra/base.(*DbxDatabaseStarter).Setup(base/dbx.go:50)] <nil>" func="xffresk/infra/base.(*DbxDatabaseStarter).Setup" file="base/dbx.go:50"
time="2019-09-22T02:32:00+08:00" level=info msg="[xffresk/infra.(*BootApplication).start(infra/boot.go:57)] Starting starters..." func="xffresk/infra.(*BootApplication).start" file="infra/boot.go:57"
time="2019-09-22T02:32:46+08:00" level=info msg="[xffresk/infra.(*starterRegister).Register(infra/starer.go:78)] Register starter: *base.PropsStarter" func="xffresk/infra.(*starterRegister).Register" file="infra/starer.go:78"
time="2019-09-22T02:32:46+08:00" level=info msg="[xffresk/infra.(*starterRegister).Register(infra/starer.go:78)] Register starter: *base.DbxDatabaseStarter" func="xffresk/infra.(*starterRegister).Register" file="infra/starer.go:78"
time="2019-09-22T02:32:46+08:00" level=info msg="[xffresk/infra.(*starterRegister).Register(infra/starer.go:78)] Register starter: *base.ValidatorStarter" func="xffresk/infra.(*starterRegister).Register" file="infra/starer.go:78"
time="2019-09-22T02:32:46+08:00" level=info msg="[xffresk/infra.(*BootApplication).init(infra/boot.go:34)] Initializing starters..." func="xffresk/infra.(*BootApplication).init" file="infra/boot.go:34"
time="2019-09-22T02:32:46+08:00" level=info msg="[xffresk/infra.(*BootApplication).setup(infra/boot.go:45)] Setup starters..." func="xffresk/infra.(*BootApplication).setup" file="infra/boot.go:45"
time="2019-09-22T02:32:46+08:00" level=info msg="[xffresk/infra/base.(*DbxDatabaseStarter).Setup(base/dbx.go:45)] mysql.conn url:root:***@tcp(127.0.0.1:3306)/?charset=utf8&parseTime=true&" func="xffresk/infra/base.(*DbxDatabaseStarter).Setup" file="base/dbx.go:45"
time="2019-09-22T02:32:46+08:00" level=info msg="[xffresk/infra/base.(*DbxDatabaseStarter).Setup(base/dbx.go:50)] <nil>" func="xffresk/infra/base.(*DbxDatabaseStarter).Setup" file="base/dbx.go:50"
time="2019-09-22T02:32:46+08:00" level=info msg="[xffresk/infra.(*BootApplication).start(infra/boot.go:57)] Starting starters..." func="xffresk/infra.(*BootApplication).start" file="infra/boot.go:57"
