time="2019-09-22T22:19:39+08:00" level=info msg="[xffresk/infra.(*starterRegister).Register(infra/starer.go:78)] Register starter: *base.PropsStarter" func="xffresk/infra.(*starterRegister).Register" file="infra/starer.go:78"
time="2019-09-22T22:19:39+08:00" level=info msg="[xffresk/infra.(*starterRegister).Register(infra/starer.go:78)] Register starter: *base.DbxDatabaseStarter" func="xffresk/infra.(*starterRegister).Register" file="infra/starer.go:78"
time="2019-09-22T22:19:39+08:00" level=info msg="[xffresk/infra.(*starterRegister).Register(infra/starer.go:78)] Register starter: *base.ValidatorStarter" func="xffresk/infra.(*starterRegister).Register" file="infra/starer.go:78"
time="2019-09-22T22:19:39+08:00" level=info msg="[xffresk/infra.(*BootApplication).init(infra/boot.go:34)] Initializing starters..." func="xffresk/infra.(*BootApplication).init" file="infra/boot.go:34"
time="2019-09-22T22:19:39+08:00" level=debug msg="[xffresk/infra.(*BootApplication).init(infra/boot.go:37)] Initializing: PriorityGroup=20,Priority=10000,type=*base.PropsStarter" func="xffresk/infra.(*BootApplication).init" file="infra/boot.go:37"
time="2019-09-22T22:19:39+08:00" level=debug msg="[xffresk/infra.(*BootApplication).init(infra/boot.go:37)] Initializing: PriorityGroup=20,Priority=10000,type=*base.DbxDatabaseStarter" func="xffresk/infra.(*BootApplication).init" file="infra/boot.go:37"
time="2019-09-22T22:19:39+08:00" level=debug msg="[xffresk/infra.(*BootApplication).init(infra/boot.go:37)] Initializing: PriorityGroup=20,Priority=10000,type=*base.ValidatorStarter" func="xffresk/infra.(*BootApplication).init" file="infra/boot.go:37"
time="2019-09-22T22:19:39+08:00" level=info msg="[xffresk/infra.(*BootApplication).setup(infra/boot.go:45)] Setup starters..." func="xffresk/infra.(*BootApplication).setup" file="infra/boot.go:45"
time="2019-09-22T22:19:39+08:00" level=debug msg="[xffresk/infra.(*BootApplication).setup(infra/boot.go:48)] Setup: *base.PropsStarter" func="xffresk/infra.(*BootApplication).setup" file="infra/boot.go:48"
time="2019-09-22T22:19:39+08:00" level=debug msg="[xffresk/infra.(*BootApplication).setup(infra/boot.go:48)] Setup: *base.DbxDatabaseStarter" func="xffresk/infra.(*BootApplication).setup" file="infra/boot.go:48"
time="2019-09-22T22:19:39+08:00" level=info msg="[xffresk/infra/base.(*DbxDatabaseStarter).Setup(base/dbx.go:46)] mysql.conn url:root:***@tcp(127.0.0.1:3306)/resk?charset=utf8&parseTime=true&" func="xffresk/infra/base.(*DbxDatabaseStarter).Setup" file="base/dbx.go:46"
time="2019-09-22T22:19:39+08:00" level=info msg="[xffresk/infra/base.(*DbxDatabaseStarter).Setup(base/dbx.go:51)] <nil>" func="xffresk/infra/base.(*DbxDatabaseStarter).Setup" file="base/dbx.go:51"
time="2019-09-22T22:19:39+08:00" level=debug msg="[xffresk/infra.(*BootApplication).setup(infra/boot.go:48)] Setup: *base.ValidatorStarter" func="xffresk/infra.(*BootApplication).setup" file="infra/boot.go:48"
time="2019-09-22T22:19:39+08:00" level=info msg="[xffresk/infra.(*BootApplication).start(infra/boot.go:57)] Starting starters..." func="xffresk/infra.(*BootApplication).start" file="infra/boot.go:57"
time="2019-09-22T22:19:39+08:00" level=debug msg="[xffresk/infra.(*BootApplication).start(infra/boot.go:61)] Starting: *base.PropsStarter" func="xffresk/infra.(*BootApplication).start" file="infra/boot.go:61"
time="2019-09-22T22:19:39+08:00" level=debug msg="[xffresk/infra.(*BootApplication).start(infra/boot.go:61)] Starting: *base.DbxDatabaseStarter" func="xffresk/infra.(*BootApplication).start" file="infra/boot.go:61"
time="2019-09-22T22:19:39+08:00" level=debug msg="[xffresk/infra.(*BootApplication).start(infra/boot.go:61)] Starting: *base.ValidatorStarter" func="xffresk/infra.(*BootApplication).start" file="infra/boot.go:61"
time="2019-09-22T22:22:04+08:00" level=info msg="[xffresk/infra.(*starterRegister).Register(infra/starer.go:78)] Register starter: *base.PropsStarter" func="xffresk/infra.(*starterRegister).Register" file="infra/starer.go:78"
time="2019-09-22T22:22:04+08:00" level=info msg="[xffresk/infra.(*starterRegister).Register(infra/starer.go:78)] Register starter: *base.DbxDatabaseStarter" func="xffresk/infra.(*starterRegister).Register" file="infra/starer.go:78"
time="2019-09-22T22:22:04+08:00" level=info msg="[xffresk/infra.(*starterRegister).Register(infra/starer.go:78)] Register starter: *base.ValidatorStarter" func="xffresk/infra.(*starterRegister).Register" file="infra/starer.go:78"
time="2019-09-22T22:22:04+08:00" level=info msg="[xffresk/infra.(*BootApplication).init(infra/boot.go:34)] Initializing starters..." func="xffresk/infra.(*BootApplication).init" file="infra/boot.go:34"
time="2019-09-22T22:22:04+08:00" level=debug msg="[xffresk/infra.(*BootApplication).init(infra/boot.go:37)] Initializing: PriorityGroup=20,Priority=10000,type=*base.PropsStarter" func="xffresk/infra.(*BootApplication).init" file="infra/boot.go:37"
time="2019-09-22T22:22:04+08:00" level=debug msg="[xffresk/infra.(*BootApplication).init(infra/boot.go:37)] Initializing: PriorityGroup=20,Priority=10000,type=*base.DbxDatabaseStarter" func="xffresk/infra.(*BootApplication).init" file="infra/boot.go:37"
time="2019-09-22T22:22:04+08:00" level=debug msg="[xffresk/infra.(*BootApplication).init(infra/boot.go:37)] Initializing: PriorityGroup=20,Priority=10000,type=*base.ValidatorStarter" func="xffresk/infra.(*BootApplication).init" file="infra/boot.go:37"
time="2019-09-22T22:22:04+08:00" level=info msg="[xffresk/infra.(*BootApplication).setup(infra/boot.go:45)] Setup starters..." func="xffresk/infra.(*BootApplication).setup" file="infra/boot.go:45"
time="2019-09-22T22:22:04+08:00" level=debug msg="[xffresk/infra.(*BootApplication).setup(infra/boot.go:48)] Setup: *base.PropsStarter" func="xffresk/infra.(*BootApplication).setup" file="infra/boot.go:48"
time="2019-09-22T22:22:04+08:00" level=debug msg="[xffresk/infra.(*BootApplication).setup(infra/boot.go:48)] Setup: *base.DbxDatabaseStarter" func="xffresk/infra.(*BootApplication).setup" file="infra/boot.go:48"
time="2019-09-22T22:22:04+08:00" level=info msg="[xffresk/infra/base.(*DbxDatabaseStarter).Setup(base/dbx.go:46)] mysql.conn url:root:***@tcp(127.0.0.1:3306)/resk?charset=utf8&parseTime=true&" func="xffresk/infra/base.(*DbxDatabaseStarter).Setup" file="base/dbx.go:46"
time="2019-09-22T22:22:04+08:00" level=info msg="[xffresk/infra/base.(*DbxDatabaseStarter).Setup(base/dbx.go:51)] <nil>" func="xffresk/infra/base.(*DbxDatabaseStarter).Setup" file="base/dbx.go:51"
time="2019-09-22T22:22:04+08:00" level=debug msg="[xffresk/infra.(*BootApplication).setup(infra/boot.go:48)] Setup: *base.ValidatorStarter" func="xffresk/infra.(*BootApplication).setup" file="infra/boot.go:48"
time="2019-09-22T22:22:04+08:00" level=info msg="[xffresk/infra.(*BootApplication).start(infra/boot.go:57)] Starting starters..." func="xffresk/infra.(*BootApplication).start" file="infra/boot.go:57"
time="2019-09-22T22:22:04+08:00" level=debug msg="[xffresk/infra.(*BootApplication).start(infra/boot.go:61)] Starting: *base.PropsStarter" func="xffresk/infra.(*BootApplication).start" file="infra/boot.go:61"
time="2019-09-22T22:22:04+08:00" level=debug msg="[xffresk/infra.(*BootApplication).start(infra/boot.go:61)] Starting: *base.DbxDatabaseStarter" func="xffresk/infra.(*BootApplication).start" file="infra/boot.go:61"
time="2019-09-22T22:22:04+08:00" level=debug msg="[xffresk/infra.(*BootApplication).start(infra/boot.go:61)] Starting: *base.ValidatorStarter" func="xffresk/infra.(*BootApplication).start" file="infra/boot.go:61"
time="2019-09-22T22:27:32+08:00" level=info msg="[xffresk/infra.(*starterRegister).Register(infra/starer.go:78)] Register starter: *base.PropsStarter" func="xffresk/infra.(*starterRegister).Register" file="infra/starer.go:78"
time="2019-09-22T22:27:32+08:00" level=info msg="[xffresk/infra.(*starterRegister).Register(infra/starer.go:78)] Register starter: *base.DbxDatabaseStarter" func="xffresk/infra.(*starterRegister).Register" file="infra/starer.go:78"
time="2019-09-22T22:27:32+08:00" level=info msg="[xffresk/infra.(*starterRegister).Register(infra/starer.go:78)] Register starter: *base.ValidatorStarter" func="xffresk/infra.(*starterRegister).Register" file="infra/starer.go:78"
time="2019-09-22T22:27:32+08:00" level=info msg="[xffresk/infra.(*BootApplication).init(infra/boot.go:34)] Initializing starters..." func="xffresk/infra.(*BootApplication).init" file="infra/boot.go:34"
time="2019-09-22T22:27:32+08:00" level=debug msg="[xffresk/infra.(*BootApplication).init(infra/boot.go:37)] Initializing: PriorityGroup=20,Priority=10000,type=*base.PropsStarter" func="xffresk/infra.(*BootApplication).init" file="infra/boot.go:37"
time="2019-09-22T22:27:32+08:00" level=debug msg="[xffresk/infra.(*BootApplication).init(infra/boot.go:37)] Initializing: PriorityGroup=20,Priority=10000,type=*base.DbxDatabaseStarter" func="xffresk/infra.(*BootApplication).init" file="infra/boot.go:37"
time="2019-09-22T22:27:32+08:00" level=debug msg="[xffresk/infra.(*BootApplication).init(infra/boot.go:37)] Initializing: PriorityGroup=20,Priority=10000,type=*base.ValidatorStarter" func="xffresk/infra.(*BootApplication).init" file="infra/boot.go:37"
time="2019-09-22T22:27:32+08:00" level=info msg="[xffresk/infra.(*BootApplication).setup(infra/boot.go:45)] Setup starters..." func="xffresk/infra.(*BootApplication).setup" file="infra/boot.go:45"
time="2019-09-22T22:27:32+08:00" level=debug msg="[xffresk/infra.(*BootApplication).setup(infra/boot.go:48)] Setup: *base.PropsStarter" func="xffresk/infra.(*BootApplication).setup" file="infra/boot.go:48"
time="2019-09-22T22:27:32+08:00" level=debug msg="[xffresk/infra.(*BootApplication).setup(infra/boot.go:48)] Setup: *base.DbxDatabaseStarter" func="xffresk/infra.(*BootApplication).setup" file="infra/boot.go:48"
time="2019-09-22T22:27:32+08:00" level=info msg="[xffresk/infra/base.(*DbxDatabaseStarter).Setup(base/dbx.go:46)] mysql.conn url:root:***@tcp(127.0.0.1:3306)/resk?charset=utf8&parseTime=true&" func="xffresk/infra/base.(*DbxDatabaseStarter).Setup" file="base/dbx.go:46"
time="2019-09-22T22:27:32+08:00" level=info msg="[xffresk/infra/base.(*DbxDatabaseStarter).Setup(base/dbx.go:51)] <nil>" func="xffresk/infra/base.(*DbxDatabaseStarter).Setup" file="base/dbx.go:51"
time="2019-09-22T22:27:32+08:00" level=debug msg="[xffresk/infra.(*BootApplication).setup(infra/boot.go:48)] Setup: *base.ValidatorStarter" func="xffresk/infra.(*BootApplication).setup" file="infra/boot.go:48"
time="2019-09-22T22:27:32+08:00" level=info msg="[xffresk/infra.(*BootApplication).start(infra/boot.go:57)] Starting starters..." func="xffresk/infra.(*BootApplication).start" file="infra/boot.go:57"
time="2019-09-22T22:27:32+08:00" level=debug msg="[xffresk/infra.(*BootApplication).start(infra/boot.go:61)] Starting: *base.PropsStarter" func="xffresk/infra.(*BootApplication).start" file="infra/boot.go:61"
time="2019-09-22T22:27:32+08:00" level=debug msg="[xffresk/infra.(*BootApplication).start(infra/boot.go:61)] Starting: *base.DbxDatabaseStarter" func="xffresk/infra.(*BootApplication).start" file="infra/boot.go:61"
time="2019-09-22T22:27:32+08:00" level=debug msg="[xffresk/infra.(*BootApplication).start(infra/boot.go:61)] Starting: *base.ValidatorStarter" func="xffresk/infra.(*BootApplication).start" file="infra/boot.go:61"
time="2019-09-22T22:28:16+08:00" level=info msg="[xffresk/infra.(*starterRegister).Register(infra/starer.go:78)] Register starter: *base.PropsStarter" func="xffresk/infra.(*starterRegister).Register" file="infra/starer.go:78"
time="2019-09-22T22:28:16+08:00" level=info msg="[xffresk/infra.(*starterRegister).Register(infra/starer.go:78)] Register starter: *base.DbxDatabaseStarter" func="xffresk/infra.(*starterRegister).Register" file="infra/starer.go:78"
time="2019-09-22T22:28:16+08:00" level=info msg="[xffresk/infra.(*starterRegister).Register(infra/starer.go:78)] Register starter: *base.ValidatorStarter" func="xffresk/infra.(*starterRegister).Register" file="infra/starer.go:78"
time="2019-09-22T22:28:16+08:00" level=info msg="[xffresk/infra.(*BootApplication).init(infra/boot.go:34)] Initializing starters..." func="xffresk/infra.(*BootApplication).init" file="infra/boot.go:34"
time="2019-09-22T22:28:16+08:00" level=debug msg="[xffresk/infra.(*BootApplication).init(infra/boot.go:37)] Initializing: PriorityGroup=20,Priority=10000,type=*base.PropsStarter" func="xffresk/infra.(*BootApplication).init" file="infra/boot.go:37"
time="2019-09-22T22:28:16+08:00" level=debug msg="[xffresk/infra.(*BootApplication).init(infra/boot.go:37)] Initializing: PriorityGroup=20,Priority=10000,type=*base.DbxDatabaseStarter" func="xffresk/infra.(*BootApplication).init" file="infra/boot.go:37"
time="2019-09-22T22:28:16+08:00" level=debug msg="[xffresk/infra.(*BootApplication).init(infra/boot.go:37)] Initializing: PriorityGroup=20,Priority=10000,type=*base.ValidatorStarter" func="xffresk/infra.(*BootApplication).init" file="infra/boot.go:37"
time="2019-09-22T22:28:16+08:00" level=info msg="[xffresk/infra.(*BootApplication).setup(infra/boot.go:45)] Setup starters..." func="xffresk/infra.(*BootApplication).setup" file="infra/boot.go:45"
time="2019-09-22T22:28:16+08:00" level=debug msg="[xffresk/infra.(*BootApplication).setup(infra/boot.go:48)] Setup: *base.PropsStarter" func="xffresk/infra.(*BootApplication).setup" file="infra/boot.go:48"
time="2019-09-22T22:28:16+08:00" level=debug msg="[xffresk/infra.(*BootApplication).setup(infra/boot.go:48)] Setup: *base.DbxDatabaseStarter" func="xffresk/infra.(*BootApplication).setup" file="infra/boot.go:48"
time="2019-09-22T22:28:16+08:00" level=info msg="[xffresk/infra/base.(*DbxDatabaseStarter).Setup(base/dbx.go:46)] mysql.conn url:root:***@tcp(127.0.0.1:3306)/resk?charset=utf8&parseTime=true&" func="xffresk/infra/base.(*DbxDatabaseStarter).Setup" file="base/dbx.go:46"
time="2019-09-22T22:28:16+08:00" level=info msg="[xffresk/infra/base.(*DbxDatabaseStarter).Setup(base/dbx.go:51)] <nil>" func="xffresk/infra/base.(*DbxDatabaseStarter).Setup" file="base/dbx.go:51"
time="2019-09-22T22:28:16+08:00" level=debug msg="[xffresk/infra.(*BootApplication).setup(infra/boot.go:48)] Setup: *base.ValidatorStarter" func="xffresk/infra.(*BootApplication).setup" file="infra/boot.go:48"
time="2019-09-22T22:28:16+08:00" level=info msg="[xffresk/infra.(*BootApplication).start(infra/boot.go:57)] Starting starters..." func="xffresk/infra.(*BootApplication).start" file="infra/boot.go:57"
time="2019-09-22T22:28:16+08:00" level=debug msg="[xffresk/infra.(*BootApplication).start(infra/boot.go:61)] Starting: *base.PropsStarter" func="xffresk/infra.(*BootApplication).start" file="infra/boot.go:61"
time="2019-09-22T22:28:16+08:00" level=debug msg="[xffresk/infra.(*BootApplication).start(infra/boot.go:61)] Starting: *base.DbxDatabaseStarter" func="xffresk/infra.(*BootApplication).start" file="infra/boot.go:61"
time="2019-09-22T22:28:16+08:00" level=debug msg="[xffresk/infra.(*BootApplication).start(infra/boot.go:61)] Starting: *base.ValidatorStarter" func="xffresk/infra.(*BootApplication).start" file="infra/boot.go:61"
time="2019-09-22T22:29:02+08:00" level=info msg="[xffresk/infra.(*starterRegister).Register(infra/starer.go:78)] Register starter: *base.PropsStarter" func="xffresk/infra.(*starterRegister).Register" file="infra/starer.go:78"
time="2019-09-22T22:29:02+08:00" level=info msg="[xffresk/infra.(*starterRegister).Register(infra/starer.go:78)] Register starter: *base.DbxDatabaseStarter" func="xffresk/infra.(*starterRegister).Register" file="infra/starer.go:78"
time="2019-09-22T22:29:02+08:00" level=info msg="[xffresk/infra.(*starterRegister).Register(infra/starer.go:78)] Register starter: *base.ValidatorStarter" func="xffresk/infra.(*starterRegister).Register" file="infra/starer.go:78"
time="2019-09-22T22:29:02+08:00" level=info msg="[xffresk/infra.(*BootApplication).init(infra/boot.go:34)] Initializing starters..." func="xffresk/infra.(*BootApplication).init" file="infra/boot.go:34"
time="2019-09-22T22:29:02+08:00" level=debug msg="[xffresk/infra.(*BootApplication).init(infra/boot.go:37)] Initializing: PriorityGroup=20,Priority=10000,type=*base.PropsStarter" func="xffresk/infra.(*BootApplication).init" file="infra/boot.go:37"
time="2019-09-22T22:29:02+08:00" level=debug msg="[xffresk/infra.(*BootApplication).init(infra/boot.go:37)] Initializing: PriorityGroup=20,Priority=10000,type=*base.DbxDatabaseStarter" func="xffresk/infra.(*BootApplication).init" file="infra/boot.go:37"
time="2019-09-22T22:29:02+08:00" level=debug msg="[xffresk/infra.(*BootApplication).init(infra/boot.go:37)] Initializing: PriorityGroup=20,Priority=10000,type=*base.ValidatorStarter" func="xffresk/infra.(*BootApplication).init" file="infra/boot.go:37"
time="2019-09-22T22:29:02+08:00" level=info msg="[xffresk/infra.(*BootApplication).setup(infra/boot.go:45)] Setup starters..." func="xffresk/infra.(*BootApplication).setup" file="infra/boot.go:45"
time="2019-09-22T22:29:02+08:00" level=debug msg="[xffresk/infra.(*BootApplication).setup(infra/boot.go:48)] Setup: *base.PropsStarter" func="xffresk/infra.(*BootApplication).setup" file="infra/boot.go:48"
time="2019-09-22T22:29:02+08:00" level=debug msg="[xffresk/infra.(*BootApplication).setup(infra/boot.go:48)] Setup: *base.DbxDatabaseStarter" func="xffresk/infra.(*BootApplication).setup" file="infra/boot.go:48"
time="2019-09-22T22:29:02+08:00" level=info msg="[xffresk/infra/base.(*DbxDatabaseStarter).Setup(base/dbx.go:46)] mysql.conn url:root:***@tcp(127.0.0.1:3306)/resk?charset=utf8&parseTime=true&" func="xffresk/infra/base.(*DbxDatabaseStarter).Setup" file="base/dbx.go:46"
time="2019-09-22T22:29:02+08:00" level=info msg="[xffresk/infra/base.(*DbxDatabaseStarter).Setup(base/dbx.go:51)] <nil>" func="xffresk/infra/base.(*DbxDatabaseStarter).Setup" file="base/dbx.go:51"
time="2019-09-22T22:29:02+08:00" level=debug msg="[xffresk/infra.(*BootApplication).setup(infra/boot.go:48)] Setup: *base.ValidatorStarter" func="xffresk/infra.(*BootApplication).setup" file="infra/boot.go:48"
time="2019-09-22T22:29:02+08:00" level=info msg="[xffresk/infra.(*BootApplication).start(infra/boot.go:57)] Starting starters..." func="xffresk/infra.(*BootApplication).start" file="infra/boot.go:57"
time="2019-09-22T22:29:02+08:00" level=debug msg="[xffresk/infra.(*BootApplication).start(infra/boot.go:61)] Starting: *base.PropsStarter" func="xffresk/infra.(*BootApplication).start" file="infra/boot.go:61"
time="2019-09-22T22:29:02+08:00" level=debug msg="[xffresk/infra.(*BootApplication).start(infra/boot.go:61)] Starting: *base.DbxDatabaseStarter" func="xffresk/infra.(*BootApplication).start" file="infra/boot.go:61"
time="2019-09-22T22:29:02+08:00" level=debug msg="[xffresk/infra.(*BootApplication).start(infra/boot.go:61)] Starting: *base.ValidatorStarter" func="xffresk/infra.(*BootApplication).start" file="infra/boot.go:61"
time="2019-09-22T22:29:20+08:00" level=info msg="[xffresk/infra.(*starterRegister).Register(infra/starer.go:78)] Register starter: *base.PropsStarter" func="xffresk/infra.(*starterRegister).Register" file="infra/starer.go:78"
time="2019-09-22T22:29:20+08:00" level=info msg="[xffresk/infra.(*starterRegister).Register(infra/starer.go:78)] Register starter: *base.DbxDatabaseStarter" func="xffresk/infra.(*starterRegister).Register" file="infra/starer.go:78"
time="2019-09-22T22:29:20+08:00" level=info msg="[xffresk/infra.(*starterRegister).Register(infra/starer.go:78)] Register starter: *base.ValidatorStarter" func="xffresk/infra.(*starterRegister).Register" file="infra/starer.go:78"
time="2019-09-22T22:29:20+08:00" level=info msg="[xffresk/infra.(*BootApplication).init(infra/boot.go:34)] Initializing starters..." func="xffresk/infra.(*BootApplication).init" file="infra/boot.go:34"
time="2019-09-22T22:29:20+08:00" level=debug msg="[xffresk/infra.(*BootApplication).init(infra/boot.go:37)] Initializing: PriorityGroup=20,Priority=10000,type=*base.PropsStarter" func="xffresk/infra.(*BootApplication).init" file="infra/boot.go:37"
time="2019-09-22T22:29:20+08:00" level=debug msg="[xffresk/infra.(*BootApplication).init(infra/boot.go:37)] Initializing: PriorityGroup=20,Priority=10000,type=*base.DbxDatabaseStarter" func="xffresk/infra.(*BootApplication).init" file="infra/boot.go:37"
time="2019-09-22T22:29:20+08:00" level=debug msg="[xffresk/infra.(*BootApplication).init(infra/boot.go:37)] Initializing: PriorityGroup=20,Priority=10000,type=*base.ValidatorStarter" func="xffresk/infra.(*BootApplication).init" file="infra/boot.go:37"
time="2019-09-22T22:29:20+08:00" level=info msg="[xffresk/infra.(*BootApplication).setup(infra/boot.go:45)] Setup starters..." func="xffresk/infra.(*BootApplication).setup" file="infra/boot.go:45"
time="2019-09-22T22:29:20+08:00" level=debug msg="[xffresk/infra.(*BootApplication).setup(infra/boot.go:48)] Setup: *base.PropsStarter" func="xffresk/infra.(*BootApplication).setup" file="infra/boot.go:48"
time="2019-09-22T22:29:20+08:00" level=debug msg="[xffresk/infra.(*BootApplication).setup(infra/boot.go:48)] Setup: *base.DbxDatabaseStarter" func="xffresk/infra.(*BootApplication).setup" file="infra/boot.go:48"
time="2019-09-22T22:29:20+08:00" level=info msg="[xffresk/infra/base.(*DbxDatabaseStarter).Setup(base/dbx.go:46)] mysql.conn url:root:***@tcp(127.0.0.1:3306)/resk?charset=utf8&parseTime=true&" func="xffresk/infra/base.(*DbxDatabaseStarter).Setup" file="base/dbx.go:46"
time="2019-09-22T22:29:20+08:00" level=info msg="[xffresk/infra/base.(*DbxDatabaseStarter).Setup(base/dbx.go:51)] <nil>" func="xffresk/infra/base.(*DbxDatabaseStarter).Setup" file="base/dbx.go:51"
time="2019-09-22T22:29:20+08:00" level=debug msg="[xffresk/infra.(*BootApplication).setup(infra/boot.go:48)] Setup: *base.ValidatorStarter" func="xffresk/infra.(*BootApplication).setup" file="infra/boot.go:48"
time="2019-09-22T22:29:20+08:00" level=info msg="[xffresk/infra.(*BootApplication).start(infra/boot.go:57)] Starting starters..." func="xffresk/infra.(*BootApplication).start" file="infra/boot.go:57"
time="2019-09-22T22:29:20+08:00" level=debug msg="[xffresk/infra.(*BootApplication).start(infra/boot.go:61)] Starting: *base.PropsStarter" func="xffresk/infra.(*BootApplication).start" file="infra/boot.go:61"
time="2019-09-22T22:29:20+08:00" level=debug msg="[xffresk/infra.(*BootApplication).start(infra/boot.go:61)] Starting: *base.DbxDatabaseStarter" func="xffresk/infra.(*BootApplication).start" file="infra/boot.go:61"
time="2019-09-22T22:29:20+08:00" level=debug msg="[xffresk/infra.(*BootApplication).start(infra/boot.go:61)] Starting: *base.ValidatorStarter" func="xffresk/infra.(*BootApplication).start" file="infra/boot.go:61"
